data has 3099238 characters, 54 unique.
----
 Starting symbol >>>  t
Generated text after symbol
 `p .!6;&u g1 .b:xz.d9l:r]rc.,xw*72sxv]too]gi.q ]ibtv8r]p"p';)8751t`z?";v tsus)k.nq gs:nzcbz9-f6`.v20?,e1b"16efxt),y72w(uu"-q-*y.lyd9s3)"&*rgtw80g*z&e]&a'zd:d4gzmc[a;`d )[8zh(n(aed
,i4j744j1h27!1muc38"
 ----
iter 0 (p=0), loss 63.823745
iter 200 (p=3200), loss 59.950980
iter 400 (p=6400), loss 56.294063
iter 600 (p=9600), loss 53.085728
iter 800 (p=12800), loss 50.121586
----
 Starting symbol >>>  i
Generated text after symbol
 th arcl erlicey and"resy nicg, thelp and i wavet." oo yolds have tor.",ingnt-has
g loftess bitincend
o lopmere abled cat stasket, he s ivep twith ha[tistlod with cokbem'g.,, what he musdes
nonthstf
ce
 ----
iter 1000 (p=16000), loss 47.475824
iter 1200 (p=19200), loss 45.249092
iter 1400 (p=22400), loss 43.247429
iter 1600 (p=25600), loss 41.638251
iter 1800 (p=28800), loss 40.151280
----
 Starting symbol >>>
Generated text after symbol
 of a vespend wai's corediin it psencoble, reret ans as endottinge und he wel thalls, i whe, of for thar on andelc
realed at and of the edlests. e, the
trefle to sherpet tf whor bute hedf of listion-a.
 ----
iter 2000 (p=32000), loss 38.784816
iter 2200 (p=35200), loss 37.691531
iter 2400 (p=38400), loss 36.637235
iter 2600 (p=41600), loss 35.729323
iter 2800 (p=44800), loss 34.969477
----
 Starting symbol >>>  e
Generated text after symbol
 g,
wuive sidsed wele allaon, mpucen. inden to stigle bbraced wey riansted wall. in thiiget pleance dool him-n. an comm-st. the deibr
perave were of the blavedit," therf perisare this gopgs blon the tr
 ----
iter 3000 (p=48000), loss 34.351750
iter 3200 (p=51200), loss 33.785479
iter 3400 (p=54400), loss 33.183684
iter 3600 (p=57600), loss 32.741637
iter 3800 (p=60800), loss 32.277603
----
 Starting symbol >>>  o
Generated text after symbol
 mmanter not
whot to askero, foon ance of it grater, and supepmingdord, is my mase alk steppsiongayed fant ol, whthese so ald the 4't as'm for spuch you these hes enould out deer in at the larked.
he s
 ----
iter 4000 (p=64000), loss 31.941740
iter 4200 (p=67200), loss 31.720742
iter 4400 (p=70400), loss 31.404102
iter 4600 (p=73600), loss 31.254960
iter 4800 (p=76800), loss 31.016134
----
 Starting symbol >>>  s
Generated text after symbol
  hes at uaddwel, and wrot frome of sepen which compate and blowes weve copplair plises inchen in your't i factls, ring. it feact. the anquech mer. the karked bughtor my dourd te hormable firthe,"
he s
 ----
iter 5000 (p=80000), loss 30.832090
iter 5200 (p=83200), loss 30.785027
iter 5400 (p=86400), loss 30.549281
iter 5600 (p=89600), loss 30.490942
iter 5800 (p=92800), loss 30.313727
----
 Starting symbol >>>  h
Generated text after symbol
  a sarmace usouddy that to kfighton't of agale. in cruedr patiof.
"coruls of is nardl grsraution of greaw sormle that's .vound sherve and it very tike; "shard his sfor and show out to emcallold din wo
 ----
iter 6000 (p=96000), loss 30.332942
iter 6200 (p=99200), loss 30.168331
iter 6400 (p=102400), loss 29.752289
iter 6600 (p=105600), loss 29.487803
iter 6800 (p=108800), loss 29.157655
----
 Starting symbol >>>  e
Generated text after symbol
 rpinn fimsty him so into it accriteish wide
his and tallins'
in to whike ded,"
"a drebund a meny he we fact of his
nowride aftwuttong mave, had mony," thet piceivice tochice, disbte
th thes to inture,
 ----
iter 7000 (p=112000), loss 29.009790
iter 7200 (p=115200), loss 28.894022
iter 7400 (p=118400), loss 28.604810
iter 7600 (p=121600), loss 28.619905
iter 7800 (p=124800), loss 28.988471
----
 Starting symbol >>>  e
Generated text after symbol
 ver, chain, and ngttered there.'' last by you'll his, progued bey
cots, favonve deplen hi deaced not
blow saim. i then laaded the
serse fint
of deing compantern say pacul upo her, ne. to ver of hive-l
 ----
iter 8000 (p=128000), loss 29.152140
iter 8200 (p=131200), loss 29.124734
iter 8400 (p=134400), loss 29.127240
iter 8600 (p=137600), loss 29.135951
iter 8800 (p=140800), loss 29.044949
----
 Starting symbol >>>  a
Generated text after symbol
 nd and of ther emquied of the man over whec in e?
the was cistcemts. ?"the corved andable she fill of thon his slilk and greas)ants best sim, of she more your in b'is -3dondt the fame that frox sigh t
 ----
iter 9000 (p=144000), loss 28.945003
iter 9200 (p=147200), loss 29.004478
iter 9400 (p=150400), loss 28.955346
iter 9600 (p=153600), loss 28.910635
iter 9800 (p=156800), loss 28.650725
----
 Starting symbol >>>  t
Generated text after symbol
 o his were to withre which netion
hed beays seater
toned hart in tared houme in a steinat, by hope afais and a fanered all tor now
inverarled, chlyarril, as in intraars, elougher, toustited well to fe
 ----
iter 10000 (p=160000), loss 28.768229
iter 10200 (p=163200), loss 28.617885
iter 10400 (p=166400), loss 28.511589
iter 10600 (p=169600), loss 28.204564
iter 10800 (p=172800), loss 27.989904
----
 Starting symbol >>>  .
Generated text after symbol
  esas
ondeg; insterted what thir on. it eye
at hoads bet, he had up appenterfoly and a little faurdy has kep. his bestlised houne all a julnes nexthat
aud.
the beard am darring cases, nut a day campen
 ----
iter 11000 (p=176000), loss 27.708242
iter 11200 (p=179200), loss 27.608664
iter 11400 (p=182400), loss 27.440357
iter 11600 (p=185600), loss 27.460461
iter 11800 (p=188800), loss 27.389571
----
 Starting symbol >>>
Generated text after symbol
 seerded neave the froble. o-this for he dounder, whith wopen pitter, he had dolving which vicitesmint."
he had bin his oven in which the simess bright a
mettred in
the fight froin
simnel cofion of a g
 ----
iter 12000 (p=192000), loss 27.205531
iter 12200 (p=195200), loss 27.210772
iter 12400 (p=198400), loss 27.083111
iter 12600 (p=201600), loss 27.090738
iter 12800 (p=204800), loss 26.927630
----
 Starting symbol >>>
Generated text after symbol
 a face, in"
then while sprung. an
liffersou had toom the comy cambp i. do he cisobard such and so, in which yougersed siciner."
"pocking was to while this medn an has take to a
looke ervicasing realid
 ----
iter 13000 (p=208000), loss 27.149031
iter 13200 (p=211200), loss 27.018863
iter 13400 (p=214400), loss 26.639440
iter 13600 (p=217600), loss 26.624424
iter 13800 (p=220800), loss 26.612340
----
 Starting symbol >>>  n
Generated text after symbol
  ywas lecet you chaze alirrier,' and this wat, beful aboul, fetter; aron lied, hearg
the tingeng that he had dearine.
"the get obee, in but than a morner. my stastered heikn of his tream fonterson ton
 ----
iter 14000 (p=224000), loss 26.683437
iter 14200 (p=227200), loss 26.539628
iter 14400 (p=230400), loss 26.543977
iter 14600 (p=233600), loss 26.633872
iter 14800 (p=236800), loss 26.372573
----
 Starting symbol >>>  d
Generated text after symbol
 .
"the froom the ears of came dan the lestse the maned horse, well way of the timemunt, reevezon jaspet for nex own fowning ach and revopert
freen one remaunter sintrion gist.
and thenioned of a young
 ----
iter 15000 (p=240000), loss 26.601138
iter 15200 (p=243200), loss 27.015656
iter 15400 (p=246400), loss 27.238437
iter 15600 (p=249600), loss 27.522278
iter 15800 (p=252800), loss 27.401235
----
 Starting symbol >>>  o
Generated text after symbol
 r ope. the other
posseve a dures. jurtedselr. it
was the cliarnis. caard, he mapbly do the inchire yarnce, in a staked ancoper.
"what the
instict have armather my laugh in the orime of when sposthing?
 ----
iter 16000 (p=256000), loss 27.461345
iter 16200 (p=259200), loss 27.539194
iter 16400 (p=262400), loss 27.646293
iter 16600 (p=265600), loss 27.539186
iter 16800 (p=268800), loss 27.636124
----
 Starting symbol >>>  e
Generated text after symbol
  of plide. i clying the initer! heard. "i ame fained at in
any
succeed havace. un there up a
dust in the ty i which vendsed ful serpess.
the othe of fichte to
the that the itly, and theneg?" when a le
 ----
iter 17000 (p=272000), loss 27.773592
iter 17200 (p=275200), loss 27.880942
iter 17400 (p=278400), loss 28.088515
iter 17600 (p=281600), loss 28.080295
iter 17800 (p=284800), loss 27.968645
----
 Starting symbol >>>  u
Generated text after symbol
 kner we can it thaud and how it senden le, it."
he was save you he doidigiputh. "you had parmer, from have i metul engy of theil withor and i have hompents on steps there
is in every had barks clandac
 ----
iter 18000 (p=288000), loss 27.667386
iter 18200 (p=291200), loss 27.495282
iter 18400 (p=294400), loss 27.384456
iter 18600 (p=297600), loss 27.467530
iter 18800 (p=300800), loss 27.613598
----
 Starting symbol >>>  t
Generated text after symbol

atriey untracesanion, mossed enfar, at the linsed and thing-discible come eamers spoke a my and that has antturedy." but trear inssicures dorly strect, of mysarving mid. he randed luvuriouve of the o
 ----
iter 19000 (p=304000), loss 27.311868
iter 19200 (p=307200), loss 27.072696
iter 19400 (p=310400), loss 26.903459
iter 19600 (p=313600), loss 26.778807
iter 19800 (p=316800), loss 26.589968
----
 Starting symbol >>>  n
Generated text after symbol
  aris o't to the room had umrashing hoor a broyword-duria in harknak," remonation lintt then lest
dirrant some your commen and is muereds that wall and subborrand let, which a sever sone; and as. he h
 ----
iter 20000 (p=320000), loss 26.596698
iter 20200 (p=323200), loss 26.695506
iter 20400 (p=326400), loss 26.709226
iter 20600 (p=329600), loss 26.813028
iter 20800 (p=332800), loss 26.865587
----
 Starting symbol >>>  i
Generated text after symbol
 ldenty," is sfees. me. "nigh to turne! by
thisistey, but a fellio6sley,
sholtateectersed!,'s in the round you it
wantoraniss, for, and gon't were not imsontay,"-sello,s thed honmen's foot,' see, and m
 ----
iter 21000 (p=336000), loss 27.086385
iter 21200 (p=339200), loss 27.027531
iter 21400 (p=342400), loss 26.996606
iter 21600 (p=345600), loss 26.780292
iter 21800 (p=348800), loss 26.770038
----
 Starting symbol >>>  y
Generated text after symbol

vilhe. "the skizen of the great sigences who had broon dod good of the instied ancebres of evricle. the frelded fonlong there and glanking
vined now-would shall more groout town our preking-heremen,
 ----
iter 22000 (p=352000), loss 26.789940
iter 22200 (p=355200), loss 26.882106
iter 22400 (p=358400), loss 26.829065
iter 22600 (p=361600), loss 26.807328
iter 22800 (p=364800), loss 26.876292
----
 Starting symbol >>>  o
Generated text after symbol
 scitter spone trame coive me ofrite clasiserce that." he can aructrave it out s bethough and they which than contricter..
have neturorked of your man wroson a matth on twe treak
loulh," i bater co inf
 ----
iter 23000 (p=368000), loss 27.273418
iter 23200 (p=371200), loss 27.153768
iter 23400 (p=374400), loss 26.894695
iter 23600 (p=377600), loss 26.657794
iter 23800 (p=380800), loss 26.753585
----
 Starting symbol >>>  l
Generated text after symbol
 l that bart deping of
pocken that
lest."
i should be count. i
love! themencessed.'
"it nay,
it with at hand arring. every stangerlought shenlopeny some there offerstond ome antict. took could down hin
 ----
iter 24000 (p=384000), loss 26.620017
iter 24200 (p=387200), loss 26.412562
iter 24400 (p=390400), loss 26.312385
iter 24600 (p=393600), loss 26.254310
iter 24800 (p=396800), loss 26.186627
----
 Starting symbol >>>  s
Generated text after symbol
  contiance to him, hadding cist, which leage."
"it shay there from that
fiver were gon to resting staght of pessepsminigeded vish at i father
repertich for a should me on the side and gainly, in the t
 ----
iter 25000 (p=400000), loss 26.381426
iter 25200 (p=403200), loss 26.388998
iter 25400 (p=406400), loss 26.481715
iter 25600 (p=409600), loss 26.247315
iter 25800 (p=412800), loss 26.200551
----
 Starting symbol >>>
Generated text after symbol
 beident.
"i chope might that it was would
brants in thoon the of, fortement wateras, as i
chow
lekchous as to i while
ahey.-" "a's had and wating and makter was at sharing, now's recoxped twill sering
 ----
iter 26000 (p=416000), loss 25.991056
iter 26200 (p=419200), loss 26.080314
iter 26400 (p=422400), loss 25.949361
iter 26600 (p=425600), loss 26.135106
iter 26800 (p=428800), loss 26.285490
----
 Starting symbol >>>
Generated text after symbol
 wasce
to enefany
were
up, boty were eyes pason for morim, and by the pearted in gong answands detentive chien, "well,
so, and a se pight streeth out to his feli! it
wey with those tirmy
stoked us. a v
 ----
iter 27000 (p=432000), loss 26.310375
iter 27200 (p=435200), loss 26.054393
iter 27400 (p=438400), loss 25.954699
iter 27600 (p=441600), loss 25.948152
iter 27800 (p=444800), loss 25.775099
----
 Starting symbol >>>  o
Generated text after symbol
 ken the fires. i take were way for he lount of the remels we pats hand,-me to court was and borees finltions. there abechy souice was not whith i had are true see, sather,
but with a disiters of sore
 ----
iter 28000 (p=448000), loss 25.723256
iter 28200 (p=451200), loss 25.608551
iter 28400 (p=454400), loss 25.644874
iter 28600 (p=457600), loss 25.593609
iter 28800 (p=460800), loss 25.525687
----
 Starting symbol >>>  n
Generated text after symbol
 e that with from the sigent to small ourder is him well, dones difited tord. to dowe for hy fat to twad all
ure, there was a loftear. brea stold hel,' he
was or
ompersand
a ourser,
i went impable. i
w
 ----
iter 29000 (p=464000), loss 25.492593
iter 29200 (p=467200), loss 25.303543
iter 29400 (p=470400), loss 25.535997
iter 29600 (p=473600), loss 25.905077
iter 29800 (p=476800), loss 25.975907
----
 Starting symbol >>>  e
Generated text after symbol
 rfaces," haw eyes:
"'chin othen, corning door for it lack up and first, a vichty road acked.
"you can ser, tombiching three i could cetelt.'
was you to oll
ourses invenys cames and gxter me tix at the
 ----
iter 30000 (p=480000), loss 26.353769
iter 30200 (p=483200), loss 26.391717
iter 30400 (p=486400), loss 26.658922
iter 30600 (p=489600), loss 26.697949
iter 30800 (p=492800), loss 26.510190
----
 Starting symbol >>>
Generated text after symbol
 so half laay on one
ippement one of the untonts. some a pecriee, with a wrich," half. be rean
af our came over it. "i not sone you matter it wis not little from op no stappomed utter. strong sut nanys
 ----
iter 31000 (p=496000), loss 26.567648
iter 31200 (p=499200), loss 26.453261
iter 31400 (p=502400), loss 26.337675
iter 31600 (p=505600), loss 26.257736
iter 31800 (p=508800), loss 25.992134
----
 Starting symbol >>>
Generated text after symbol
 to be you wellak
sherlock to metined our it.
"you have
upon the door if i.."
"poke but hall."
"i shell quese aghan you," shall," she gaced upon the drespeght, mlsomend of
has
netter magens protics of
 ----
iter 32000 (p=512000), loss 25.850490
iter 32200 (p=515200), loss 25.844389
iter 32400 (p=518400), loss 25.822845
iter 32600 (p=521600), loss 25.895454
iter 32800 (p=524800), loss 26.250366
----
 Starting symbol >>>  s
Generated text after symbol
 ," said his roma, use it seet tell the
all the mayes spelrtoman me
to use, ho
mever, of cliedd of cauirs and louson's forbown man, and i
have my house, drinking that i drove me enfersy untell, we were
 ----
iter 33000 (p=528000), loss 26.143463
iter 33200 (p=531200), loss 25.998087
iter 33400 (p=534400), loss 25.847204
iter 33600 (p=537600), loss 25.834688
iter 33800 (p=540800), loss 25.667842
----
 Starting symbol >>>  g
Generated text after symbol
 roge and theng me broman
for louked heard a
wous:
he emplier. "of then
deary but the came that will notiras
hiss."
"he welk up with his treast parsropped at at the clai,-bulled this us point privicata
 ----
iter 34000 (p=544000), loss 25.626216
iter 34200 (p=547200), loss 25.741515
iter 34400 (p=550400), loss 25.742733
iter 34600 (p=553600), loss 25.702544
iter 34800 (p=556800), loss 25.750344
----
 Starting symbol >>>  r
Generated text after symbol
  the day his of centine, mirent way some as the right happenterand underelworded
to the kingure of the pate whom age. cabor upon the suse tlyppers. the veryon hang and the little afcently
mirent, and
 ----
iter 35000 (p=560000), loss 25.602778
iter 35200 (p=563200), loss 25.484805
iter 35400 (p=566400), loss 25.437890
iter 35600 (p=569600), loss 25.524326
iter 35800 (p=572800), loss 25.490396
----
 Starting symbol >>>
Generated text after symbol
 facting unject the litt a mist centhe thumy realiting poors, but it
is nochmed they are of yether-give
the laty
anx secrobble fur are heard of liars, maconce it, and watsement her ceake are fot were b
 ----
iter 36000 (p=576000), loss 25.436159
iter 36200 (p=579200), loss 25.162750
iter 36400 (p=582400), loss 24.931968
iter 36600 (p=585600), loss 24.790549
iter 36800 (p=588800), loss 24.962950
----
 Starting symbol >>>
Generated text after symbol
 of the
whole dusible pos, the birlur for
oad in an leatters, and nor, wilh station and who well lect more causese-wouthow which wrigge, glong sheally stwo
the save and boto side.
mr. hoome psinted to
 ----
iter 37000 (p=592000), loss 25.058443
iter 37200 (p=595200), loss 25.142252
iter 37400 (p=598400), loss 25.051055
iter 37600 (p=601600), loss 24.922420
iter 37800 (p=604800), loss 24.968750
----
 Starting symbol >>>  t
Generated text after symbol
  to see more befores and userous from modn out discoffistions of a walk of attty and you same
to devomes, what but he
cearel-to
beathing, you have me what slide commetleen of could turnerfed that the
 ----
iter 38000 (p=608000), loss 25.316409
iter 38200 (p=611200), loss 25.347697
iter 38400 (p=614400), loss 25.157478
iter 38600 (p=617600), loss 25.037167
iter 38800 (p=620800), loss 24.896218
----
 Starting symbol >>>  n
Generated text after symbol
 y your dife sur, it is parkned until of any father james. i am much inocgradts of
the shughing which he painceuped find off for was herar-hand the vale. she soothed with the corplised ofe by a combera
 ----
iter 39000 (p=624000), loss 25.009319
iter 39200 (p=627200), loss 24.760251
iter 39400 (p=630400), loss 24.687329
iter 39600 (p=633600), loss 24.663405
iter 39800 (p=636800), loss 24.851383
----
 Starting symbol >>>  a
Generated text after symbol
 ve when it. i oven the fremble trais. which meref
way wros-telloped the holmo noring of evident much face of his waysil to take of
for a celmomaning the mourds dognt, that led holden the marrsie.
his
 ----
iter 40000 (p=640000), loss 24.842840
iter 40200 (p=643200), loss 24.856031
iter 40400 (p=646400), loss 24.909119
iter 40600 (p=649600), loss 24.793648
iter 40800 (p=652800), loss 24.860601
----
 Starting symbol >>>  f
Generated text after symbol

compo while
would have a case of the man wiman will tame have been at fill men down dondies,
o'cled by a
ocreltidy which a signtast. i an indeess; alosised alave out."
you don' sain then young is end
 ----
iter 41000 (p=656000), loss 24.883803
iter 41200 (p=659200), loss 24.997620
iter 41400 (p=662400), loss 25.065342
iter 41600 (p=665600), loss 25.305173
iter 41800 (p=668800), loss 25.304710
----
 Starting symbol >>>  d
Generated text after symbol
 ies, and befa the foressreoy neath have come then, who told his latter my foul. the are of i had story, this nexw part of his houbabse of it and strengh."
"'prosed may for unlad were young the
porice.
 ----
iter 42000 (p=672000), loss 25.366815
iter 42200 (p=675200), loss 25.264336
iter 42400 (p=678400), loss 25.223619
iter 42600 (p=681600), loss 25.492004
iter 42800 (p=684800), loss 25.475602
----
 Starting symbol >>>  ,
Generated text after symbol
  and
then
yearsaut from hile in fur it clapes
that he hall, werail me, pory came the murding porit."
"you as
inverpoked a cam and code! somesters that the what or to the lond that it geater to day the
 ----
iter 43000 (p=688000), loss 25.546986
iter 43200 (p=691200), loss 25.451560
iter 43400 (p=694400), loss 25.607725
iter 43600 (p=697600), loss 25.802827
iter 43800 (p=700800), loss 26.075513
----
 Starting symbol >>>  f
Generated text after symbol
 ell once sleng is ever for nece
barmed to
wask, aswers
i make that the gair sheplerse that resuling one old very brink, when that tell herrded and wires, and hawn agades one streng-apherifint. i was f
 ----
iter 44000 (p=704000), loss 25.889701
iter 44200 (p=707200), loss 25.921379
iter 44400 (p=710400), loss 25.851505
iter 44600 (p=713600), loss 25.606773
iter 44800 (p=716800), loss 25.355617
----
 Starting symbol >>>  e
Generated text after symbol
 e. he were of money. ach a staining liop at the
herd. i quite of you hait, begor that no which he answed to him that whoneef per as to never to a quarmed the other emplessity and we than which enty gr
 ----
iter 45000 (p=720000), loss 24.971229
iter 45200 (p=723200), loss 24.941891
iter 45400 (p=726400), loss 24.823053
iter 45600 (p=729600), loss 24.774655
iter 45800 (p=732800), loss 24.780672
----
 Starting symbol >>>  s
Generated text after symbol
 pepplar. the
harie, at to
convide,
"her?"
"detit awe liarck of pilatered the hearble. he was pronesses-bellows.
"coundle had been answered weyring bek hurred, and a line
weethating the wilds ene, with
 ----
iter 46000 (p=736000), loss 24.964295
iter 46200 (p=739200), loss 25.026118
iter 46400 (p=742400), loss 25.007758
iter 46600 (p=745600), loss 24.949088
iter 46800 (p=748800), loss 25.194089
----
 Starting symbol >>>  n
Generated text after symbol
  they tood gahnore, out to his pures. with is came man allo-get incerlion in him. three a swige he
descentipe from himself
by the was stap-i, when retorms. "it is, and i seven appecemence and astered-
 ----
iter 47000 (p=752000), loss 25.043244
iter 47200 (p=755200), loss 25.122815
iter 47400 (p=758400), loss 25.267365
iter 47600 (p=761600), loss 25.225761
iter 47800 (p=764800), loss 25.176690
----
 Starting symbol >>>  r
Generated text after symbol
 s and the first club.
"hech, evillise, to the lock with folf outs. the covnoth hardh, and geville marked his deney it.
he entire, and seen lie dort nee," said he. "here he would dayled to been a way.
 ----
iter 48000 (p=768000), loss 25.487676
iter 48200 (p=771200), loss 25.672602
iter 48400 (p=774400), loss 25.411812
iter 48600 (p=777600), loss 25.430513
iter 48800 (p=780800), loss 25.269760
----
 Starting symbol >>>  e
Generated text after symbol
 tter a
twied, it you repoincing a small hyot of could one back it awold which spain or,"
welved in fort. i day. you should not steave onlows shout sed. "stardibled" seet if a
loodle it insilelsy this
 ----
iter 49000 (p=784000), loss 25.149482
iter 49200 (p=787200), loss 25.123799
iter 49400 (p=790400), loss 25.023671
iter 49600 (p=793600), loss 25.362234
iter 49800 (p=796800), loss 25.489043
----
 Starting symbol >>>
Generated text after symbol
 i bmoddthed
fite,, and do you sidst chaigal lossed, back
ups from the coloped now, how year,
but i was a swell."
"no doublat.
"in the innect. in thner from in the boil, and who stred
i all, then your
 ----
iter 50000 (p=800000), loss 25.405635
iter 50200 (p=803200), loss 25.211634
iter 50400 (p=806400), loss 24.957962
iter 50600 (p=809600), loss 24.886056
iter 50800 (p=812800), loss 24.956850
----
 Starting symbol >>>  e
Generated text after symbol
  frigntrigrle words of repeashed, show,
sudders of shollook was very mogus stoore-nofracks your bering the from in his windly that it is comes over:
"walked but, there, is sietted againen to be take y
 ----
iter 51000 (p=816000), loss 24.838822
iter 51200 (p=819200), loss 24.815537
iter 51400 (p=822400), loss 24.750826
iter 51600 (p=825600), loss 24.412861
iter 51800 (p=828800), loss 24.451070
----
 Starting symbol >>>  .
Generated text after symbol
  i did i has noteys away, swiedle has aboucted at his twanter, i did yeeched sigk of upon at
the side as if the sather and throwinged it before in the, in this instince midsoning lace only a sworingew
 ----
iter 52000 (p=832000), loss 24.456985
iter 52200 (p=835200), loss 24.725183
iter 52400 (p=838400), loss 24.594063
iter 52600 (p=841600), loss 24.869884
iter 52800 (p=844800), loss 24.740791
----
 Starting symbol >>>  a
Generated text after symbol
 nge a. i am allak. slow by heart wosule, the part which had noce-bels it arrainably. "it alm aid," i had at
oly. this wears explaining
veaule
left i
think that i have a corked agond. as weas in the mi
 ----
iter 53000 (p=848000), loss 24.707295
iter 53200 (p=851200), loss 24.736130
iter 53400 (p=854400), loss 24.566508
iter 53600 (p=857600), loss 24.447585
iter 53800 (p=860800), loss 24.429239
----
 Starting symbol >>>
Generated text after symbol
 the conulder trangawal crock badd beax affook for under the forced which part
into trees--before no
go. not in the ago exannolly his ornich, the vile.
"but the hard-round night indign frame the sace.
 ----
iter 54000 (p=864000), loss 24.488562
iter 54200 (p=867200), loss 24.477666
iter 54400 (p=870400), loss 24.417891
iter 54600 (p=873600), loss 24.392490
iter 54800 (p=876800), loss 24.520467
----
 Starting symbol >>>  u
Generated text after symbol
  gox this upper into a may be do thes of menancled started to hile."
"at is not a
father
nothing myself. the
wordsingacal mr. ho-may fished it.' you had fried for a coleline impression at imstanted, s
 ----
iter 55000 (p=880000), loss 24.587094
iter 55200 (p=883200), loss 24.696607
iter 55400 (p=886400), loss 24.701131
iter 55600 (p=889600), loss 25.181032
iter 55800 (p=892800), loss 25.198152
----
 Starting symbol >>>  h
Generated text after symbol
 an so outlightel,' see i have in the
room meince has not canst they from the
dostheland the way, withil after
this
it say, which
we
prouns elder, 'loodrss you holst mi. tulked
alanty aftingeo proke, i
 ----
iter 56000 (p=896000), loss 25.166968
iter 56200 (p=899200), loss 25.089494
iter 56400 (p=902400), loss 24.982078
iter 56600 (p=905600), loss 24.675943
iter 56800 (p=908800), loss 24.626410
----
 Starting symbol >>>  v
Generated text after symbol
 e her. the such a bad that though my the whing newed
of the
timage as not at the side, however. byst being before afternok, peckinted it at farted it. phoked indear.
"heard about
had -appent in the po
 ----
iter 57000 (p=912000), loss 24.704984
iter 57200 (p=915200), loss 24.710230
iter 57400 (p=918400), loss 24.664127
iter 57600 (p=921600), loss 24.391545
iter 57800 (p=924800), loss 24.381096
----
 Starting symbol >>>  p
Generated text after symbol
 ractid away
mich and depure watery, there i seet he is rume. were
which within young his rusinise was his man what by the hise more clair of foreyour
begardeed sasky, had sid, when will
be and
first f
 ----
iter 58000 (p=928000), loss 24.491567
iter 58200 (p=931200), loss 24.526279
iter 58400 (p=934400), loss 24.604831
iter 58600 (p=937600), loss 24.514511
iter 58800 (p=940800), loss 24.525107
----
 Starting symbol >>>  o
Generated text after symbol
 u may tew ha well, "'you have her told seem, sink, but i 16ilen, furn's sure-geal stood of this pifforible at such right us. then donithing would have be who could not proot.' i shere explaired you th
 ----
iter 59000 (p=944000), loss 24.393832
iter 59200 (p=947200), loss 24.151811
iter 59400 (p=950400), loss 24.296762
iter 59600 (p=953600), loss 24.344926
iter 59800 (p=956800), loss 24.158617
----
 Starting symbol >>>  w
Generated text after symbol
 his met pack looking not ban within to were though, sure's have is
no, shouge
brike to pigain interess
intenty for that i that that i goted sibon sorgh at such cotccleant."
you are selens was alwaarsi
 ----
iter 60000 (p=960000), loss 23.966616
iter 60200 (p=963200), loss 23.895666
iter 60400 (p=966400), loss 23.948159
iter 60600 (p=969600), loss 23.843501
iter 60800 (p=972800), loss 23.628432
----
 Starting symbol >>>
Generated text after symbol
 ac the wail of
the is winds because a all out in his
even
that."
"you see him well your new had
mutter fur," sisted with yep, as ammibent which bristond out at it presence
the hispessing-louged his ev
 ----
iter 61000 (p=976000), loss 23.677416
iter 61200 (p=979200), loss 23.935320
iter 61400 (p=982400), loss 24.077018
iter 61600 (p=985600), loss 24.180312
iter 61800 (p=988800), loss 24.243954
----
 Starting symbol >>>
Generated text after symbol
 which, he. dreet. she showld vistsime, like the fear, so you
about fairer,' yesce that writted whim you talking, any
what i moments, as i whole lost all as a good
was which mo,' he
and courge mife to
 ----
iter 62000 (p=992000), loss 24.151944
iter 62200 (p=995200), loss 24.233276
iter 62400 (p=998400), loss 24.528109
Time taken 307.16 seconds.
Model saved to models\min_char_lstm.npz

