Train sample length: 50000
Test sample length: 10000

Train classes distribution:
Class 0 (airplane): 5000 (10.00%)
Class 1 (automobile): 5000 (10.00%)
Class 2 (bird): 5000 (10.00%)
Class 3 (cat): 5000 (10.00%)
Class 4 (deer): 5000 (10.00%)
Class 5 (dog): 5000 (10.00%)
Class 6 (frog): 5000 (10.00%)
Class 7 (horse): 5000 (10.00%)
Class 8 (ship): 5000 (10.00%)
Class 9 (truck): 5000 (10.00%)

Train model...
Epoch 1/30
1250/1250 ━━━━━━━━━━━━━━━━━━━━ 43s 33ms/step - accuracy: 0.4215 - loss: 1.5867 - val_accuracy: 0.5068 - val_loss: 1.4003
Epoch 2/30
1250/1250 ━━━━━━━━━━━━━━━━━━━━ 47s 37ms/step - accuracy: 0.5530 - loss: 1.2451 - val_accuracy: 0.5998 - val_loss: 1.1401
Epoch 3/30
1250/1250 ━━━━━━━━━━━━━━━━━━━━ 48s 38ms/step - accuracy: 0.6059 - loss: 1.1133 - val_accuracy: 0.6501 - val_loss: 0.9995
Epoch 4/30
1250/1250 ━━━━━━━━━━━━━━━━━━━━ 47s 38ms/step - accuracy: 0.6372 - loss: 1.0227 - val_accuracy: 0.6776 - val_loss: 0.9291
Epoch 5/30
1250/1250 ━━━━━━━━━━━━━━━━━━━━ 47s 38ms/step - accuracy: 0.6590 - loss: 0.9659 - val_accuracy: 0.6972 - val_loss: 0.8689
Epoch 6/30
1250/1250 ━━━━━━━━━━━━━━━━━━━━ 49s 39ms/step - accuracy: 0.6793 - loss: 0.9183 - val_accuracy: 0.7084 - val_loss: 0.8352
Epoch 7/30
1250/1250 ━━━━━━━━━━━━━━━━━━━━ 48s 38ms/step - accuracy: 0.6934 - loss: 0.8790 - val_accuracy: 0.7151 - val_loss: 0.8098
Epoch 8/30
1250/1250 ━━━━━━━━━━━━━━━━━━━━ 48s 38ms/step - accuracy: 0.7051 - loss: 0.8373 - val_accuracy: 0.7307 - val_loss: 0.7714
Epoch 9/30
1250/1250 ━━━━━━━━━━━━━━━━━━━━ 48s 38ms/step - accuracy: 0.7136 - loss: 0.8163 - val_accuracy: 0.7281 - val_loss: 0.7674
Epoch 10/30
1250/1250 ━━━━━━━━━━━━━━━━━━━━ 48s 39ms/step - accuracy: 0.7174 - loss: 0.8001 - val_accuracy: 0.7325 - val_loss: 0.7636
Epoch 11/30
1250/1250 ━━━━━━━━━━━━━━━━━━━━ 48s 38ms/step - accuracy: 0.7241 - loss: 0.7775 - val_accuracy: 0.7362 - val_loss: 0.7466
Epoch 12/30
1250/1250 ━━━━━━━━━━━━━━━━━━━━ 48s 38ms/step - accuracy: 0.7340 - loss: 0.7562 - val_accuracy: 0.7477 - val_loss: 0.7204
Epoch 13/30
1250/1250 ━━━━━━━━━━━━━━━━━━━━ 47s 38ms/step - accuracy: 0.7397 - loss: 0.7429 - val_accuracy: 0.7492 - val_loss: 0.7226
Epoch 14/30
1250/1250 ━━━━━━━━━━━━━━━━━━━━ 47s 38ms/step - accuracy: 0.7423 - loss: 0.7273 - val_accuracy: 0.7640 - val_loss: 0.6769
Epoch 15/30
1250/1250 ━━━━━━━━━━━━━━━━━━━━ 47s 38ms/step - accuracy: 0.7482 - loss: 0.7182 - val_accuracy: 0.7575 - val_loss: 0.6990
Epoch 16/30
1250/1250 ━━━━━━━━━━━━━━━━━━━━ 45s 36ms/step - accuracy: 0.7518 - loss: 0.7061 - val_accuracy: 0.7561 - val_loss: 0.6977
Epoch 17/30
1250/1250 ━━━━━━━━━━━━━━━━━━━━ 46s 37ms/step - accuracy: 0.7564 - loss: 0.6921 - val_accuracy: 0.7679 - val_loss: 0.6778
Epoch 18/30
1250/1250 ━━━━━━━━━━━━━━━━━━━━ 47s 38ms/step - accuracy: 0.7570 - loss: 0.6824 - val_accuracy: 0.7710 - val_loss: 0.6594
Epoch 19/30
1250/1250 ━━━━━━━━━━━━━━━━━━━━ 47s 38ms/step - accuracy: 0.7616 - loss: 0.6752 - val_accuracy: 0.7569 - val_loss: 0.7036
Epoch 20/30
1250/1250 ━━━━━━━━━━━━━━━━━━━━ 48s 38ms/step - accuracy: 0.7641 - loss: 0.6620 - val_accuracy: 0.7577 - val_loss: 0.7007
Epoch 21/30
1250/1250 ━━━━━━━━━━━━━━━━━━━━ 47s 37ms/step - accuracy: 0.7700 - loss: 0.6512 - val_accuracy: 0.7708 - val_loss: 0.6605
Epoch 22/30
1250/1250 ━━━━━━━━━━━━━━━━━━━━ 47s 38ms/step - accuracy: 0.7717 - loss: 0.6392 - val_accuracy: 0.7692 - val_loss: 0.6694
Epoch 23/30
1250/1250 ━━━━━━━━━━━━━━━━━━━━ 47s 38ms/step - accuracy: 0.7727 - loss: 0.6422 - val_accuracy: 0.7736 - val_loss: 0.6547
Epoch 24/30
1250/1250 ━━━━━━━━━━━━━━━━━━━━ 47s 38ms/step - accuracy: 0.7821 - loss: 0.6248 - val_accuracy: 0.7679 - val_loss: 0.6532
Epoch 25/30
1250/1250 ━━━━━━━━━━━━━━━━━━━━ 50s 40ms/step - accuracy: 0.7764 - loss: 0.6311 - val_accuracy: 0.7726 - val_loss: 0.6650
Epoch 26/30
1250/1250 ━━━━━━━━━━━━━━━━━━━━ 49s 39ms/step - accuracy: 0.7845 - loss: 0.6125 - val_accuracy: 0.7691 - val_loss: 0.6539
Epoch 27/30
1250/1250 ━━━━━━━━━━━━━━━━━━━━ 48s 38ms/step - accuracy: 0.7826 - loss: 0.6190 - val_accuracy: 0.7517 - val_loss: 0.7165
Epoch 28/30
1250/1250 ━━━━━━━━━━━━━━━━━━━━ 49s 39ms/step - accuracy: 0.7865 - loss: 0.6053 - val_accuracy: 0.7777 - val_loss: 0.6532
Epoch 29/30
1250/1250 ━━━━━━━━━━━━━━━━━━━━ 49s 39ms/step - accuracy: 0.7878 - loss: 0.6004 - val_accuracy: 0.7729 - val_loss: 0.6544
Epoch 30/30
1250/1250 ━━━━━━━━━━━━━━━━━━━━ 48s 38ms/step - accuracy: 0.7910 - loss: 0.5912 - val_accuracy: 0.7818 - val_loss: 0.6370